TN:
SF:src/FunkoPopApp/funkoPop.ts
FN:8,<instance_members_initializer>
FN:33,FunkoPop
FN:59,get ID
FN:66,set ID
FN:73,get Name
FN:80,set Name
FN:87,get Description
FN:94,set Description
FN:101,get Type
FN:108,set Type
FN:115,get Genre
FN:122,set Genre
FN:129,get Franchise
FN:136,set Franchise
FN:143,get Num
FN:150,set Num
FN:157,get Exclusive
FN:164,set Exclusive
FN:171,get SpecialFeatures
FN:178,set SpecialFeatures
FN:185,get MarketValue
FN:192,set MarketValue
FNF:22
FNH:22
FNDA:47,<instance_members_initializer>
FNDA:47,FunkoPop
FNDA:26,get ID
FNDA:1,set ID
FNDA:7,get Name
FNDA:1,set Name
FNDA:7,get Description
FNDA:1,set Description
FNDA:7,get Type
FNDA:1,set Type
FNDA:7,get Genre
FNDA:1,set Genre
FNDA:7,get Franchise
FNDA:1,set Franchise
FNDA:7,get Num
FNDA:1,set Num
FNDA:7,get Exclusive
FNDA:1,set Exclusive
FNDA:7,get SpecialFeatures
FNDA:1,set SpecialFeatures
FNDA:7,get MarketValue
FNDA:1,set MarketValue
DA:1,1
DA:2,1
DA:3,1
DA:4,1
DA:5,1
DA:6,1
DA:7,1
DA:8,1
DA:9,47
DA:10,47
DA:11,47
DA:12,47
DA:13,47
DA:14,47
DA:15,47
DA:16,47
DA:17,47
DA:18,47
DA:19,47
DA:20,47
DA:21,47
DA:22,47
DA:23,47
DA:24,47
DA:25,47
DA:26,47
DA:27,47
DA:28,47
DA:29,47
DA:30,47
DA:31,47
DA:32,47
DA:33,47
DA:34,47
DA:35,47
DA:36,47
DA:37,47
DA:38,47
DA:39,47
DA:40,47
DA:41,47
DA:42,47
DA:43,47
DA:44,47
DA:45,47
DA:46,47
DA:47,47
DA:48,47
DA:49,47
DA:50,47
DA:51,47
DA:52,47
DA:53,47
DA:54,47
DA:55,47
DA:56,47
DA:57,47
DA:58,47
DA:59,47
DA:60,26
DA:61,26
DA:62,47
DA:63,47
DA:64,47
DA:65,47
DA:66,47
DA:67,1
DA:68,1
DA:69,47
DA:70,47
DA:71,47
DA:72,47
DA:73,47
DA:74,7
DA:75,7
DA:76,47
DA:77,47
DA:78,47
DA:79,47
DA:80,47
DA:81,1
DA:82,1
DA:83,47
DA:84,47
DA:85,47
DA:86,47
DA:87,47
DA:88,7
DA:89,7
DA:90,47
DA:91,47
DA:92,47
DA:93,47
DA:94,47
DA:95,1
DA:96,1
DA:97,47
DA:98,47
DA:99,47
DA:100,47
DA:101,47
DA:102,7
DA:103,7
DA:104,47
DA:105,47
DA:106,47
DA:107,47
DA:108,47
DA:109,1
DA:110,1
DA:111,47
DA:112,47
DA:113,47
DA:114,47
DA:115,47
DA:116,7
DA:117,7
DA:118,47
DA:119,47
DA:120,47
DA:121,47
DA:122,47
DA:123,1
DA:124,1
DA:125,47
DA:126,47
DA:127,47
DA:128,47
DA:129,47
DA:130,7
DA:131,7
DA:132,47
DA:133,47
DA:134,47
DA:135,47
DA:136,47
DA:137,1
DA:138,1
DA:139,47
DA:140,47
DA:141,47
DA:142,47
DA:143,47
DA:144,7
DA:145,7
DA:146,47
DA:147,47
DA:148,47
DA:149,47
DA:150,47
DA:151,1
DA:152,1
DA:153,47
DA:154,47
DA:155,47
DA:156,47
DA:157,47
DA:158,7
DA:159,7
DA:160,47
DA:161,47
DA:162,47
DA:163,47
DA:164,47
DA:165,1
DA:166,1
DA:167,47
DA:168,47
DA:169,47
DA:170,47
DA:171,47
DA:172,7
DA:173,7
DA:174,47
DA:175,47
DA:176,47
DA:177,47
DA:178,47
DA:179,1
DA:180,1
DA:181,47
DA:182,47
DA:183,47
DA:184,47
DA:185,47
DA:186,7
DA:187,7
DA:188,47
DA:189,47
DA:190,47
DA:191,47
DA:192,47
DA:193,1
DA:194,1
DA:195,47
LF:195
LH:195
BRDA:8,0,0,47
BRDA:33,1,0,47
BRDA:59,2,0,26
BRDA:66,3,0,1
BRDA:73,4,0,7
BRDA:80,5,0,1
BRDA:87,6,0,7
BRDA:94,7,0,1
BRDA:101,8,0,7
BRDA:108,9,0,1
BRDA:115,10,0,7
BRDA:122,11,0,1
BRDA:129,12,0,7
BRDA:136,13,0,1
BRDA:143,14,0,7
BRDA:150,15,0,1
BRDA:157,16,0,7
BRDA:164,17,0,1
BRDA:171,18,0,7
BRDA:178,19,0,1
BRDA:185,20,0,7
BRDA:192,21,0,1
BRF:22
BRH:22
end_of_record
TN:
SF:src/FunkoPopApp/funkoPopGenre.ts
FNF:0
FNH:0
DA:1,1
DA:2,1
DA:3,1
DA:4,1
DA:5,1
DA:6,1
DA:7,1
DA:8,1
DA:9,1
DA:10,1
DA:11,1
DA:12,1
LF:12
LH:12
BRDA:4,0,0,1
BRF:1
BRH:1
end_of_record
TN:
SF:src/FunkoPopApp/funkoPopType.ts
FNF:0
FNH:0
DA:1,1
DA:2,1
DA:3,1
DA:4,1
DA:5,1
DA:6,1
DA:7,1
DA:8,1
DA:9,1
DA:10,1
LF:10
LH:10
BRDA:4,0,0,1
BRF:1
BRH:1
end_of_record
TN:
SF:src/FunkoPopApp/user.ts
FN:9,<instance_members_initializer>
FN:18,User
FN:52,addFunko
FN:75,removeFunko
FN:93,updateFunko
FN:115,getMarketValueColor
FN:147,showFunkos
FN:179,showFunko
FNF:8
FNH:8
FNDA:13,<instance_members_initializer>
FNDA:13,User
FNDA:4,addFunko
FNDA:2,removeFunko
FNDA:2,updateFunko
FNDA:5,getMarketValueColor
FNDA:2,showFunkos
FNDA:3,showFunko
DA:1,1
DA:2,1
DA:3,1
DA:4,1
DA:5,1
DA:6,1
DA:7,1
DA:8,1
DA:9,1
DA:10,13
DA:11,13
DA:12,13
DA:13,13
DA:14,13
DA:15,13
DA:16,13
DA:17,13
DA:18,13
DA:19,13
DA:20,11
DA:21,11
DA:22,20
DA:23,20
DA:24,20
DA:25,20
DA:26,20
DA:27,20
DA:28,20
DA:29,20
DA:30,20
DA:31,20
DA:32,20
DA:33,20
DA:34,20
DA:35,20
DA:36,20
DA:37,20
DA:38,20
DA:39,20
DA:40,11
DA:41,13
DA:42,2
DA:43,2
DA:44,13
DA:45,13
DA:46,13
DA:47,13
DA:48,13
DA:49,13
DA:50,13
DA:51,13
DA:52,13
DA:53,4
DA:54,4
DA:55,4
DA:56,1
DA:57,1
DA:58,4
DA:59,3
DA:60,3
DA:61,3
DA:62,3
DA:63,3
DA:64,3
DA:65,3
DA:66,3
DA:67,4
DA:68,13
DA:69,13
DA:70,13
DA:71,13
DA:72,13
DA:73,13
DA:74,13
DA:75,13
DA:76,2
DA:77,1
DA:78,1
DA:79,1
DA:80,1
DA:81,1
DA:82,1
DA:83,1
DA:84,1
DA:85,2
DA:86,13
DA:87,13
DA:88,13
DA:89,13
DA:90,13
DA:91,13
DA:92,13
DA:93,13
DA:94,2
DA:95,2
DA:96,2
DA:97,1
DA:98,1
DA:99,1
DA:100,1
DA:101,1
DA:102,1
DA:103,1
DA:104,1
DA:105,1
DA:106,1
DA:107,1
DA:108,2
DA:109,13
DA:110,13
DA:111,13
DA:112,13
DA:113,13
DA:114,13
DA:115,13
DA:116,5
DA:117,5
DA:118,5
DA:119,5
DA:120,5
DA:121,5
DA:122,5
DA:123,5
DA:124,5
DA:125,5
DA:126,5
DA:127,5
DA:128,5
DA:129,5
DA:130,5
DA:131,13
DA:132,13
DA:133,13
DA:134,13
DA:135,3
DA:136,3
DA:137,13
DA:138,2
DA:139,2
DA:140,2
DA:141,13
DA:142,13
DA:143,13
DA:144,13
DA:145,13
DA:146,13
DA:147,13
DA:148,2
DA:149,1
DA:150,1
DA:151,1
DA:152,1
DA:153,3
DA:154,3
DA:155,3
DA:156,3
DA:157,3
DA:158,3
DA:159,3
DA:160,3
DA:161,3
DA:162,3
DA:163,3
DA:164,3
DA:165,3
DA:166,3
DA:167,3
DA:168,1
DA:169,1
DA:170,1
DA:171,2
DA:172,13
DA:173,13
DA:174,13
DA:175,13
DA:176,13
DA:177,13
DA:178,13
DA:179,13
DA:180,3
DA:181,3
DA:182,2
DA:183,2
DA:184,2
DA:185,2
DA:186,2
DA:187,2
DA:188,2
DA:189,2
DA:190,2
DA:191,2
DA:192,2
DA:193,2
DA:194,2
DA:195,3
DA:196,1
DA:197,1
DA:198,1
DA:199,3
DA:200,13
LF:200
LH:200
BRDA:9,0,0,13
BRDA:18,1,0,13
BRDA:19,2,0,11
BRDA:41,3,0,2
BRDA:21,4,0,20
BRDA:52,5,0,4
BRDA:55,6,0,1
BRDA:58,7,0,3
BRDA:75,8,0,2
BRDA:76,9,0,1
BRDA:78,10,0,2
BRDA:93,11,0,2
BRDA:96,12,0,1
BRDA:115,13,0,5
BRDA:130,14,0,13
BRDA:134,15,0,3
BRDA:138,16,0,2
BRDA:147,17,0,2
BRDA:148,18,0,1
BRDA:152,19,0,3
BRDA:179,20,0,3
BRDA:181,21,0,2
BRDA:195,22,0,1
BRDA:180,23,0,7
BRF:24
BRH:24
end_of_record
TN:
SF:src/mod/add.ts
FN:6,FilterMapAddReduce
FN:10,reduce
FNF:2
FNH:2
FNDA:1,FilterMapAddReduce
FNDA:1,reduce
DA:1,1
DA:2,1
DA:3,1
DA:4,1
DA:5,1
DA:6,1
DA:7,1
DA:8,1
DA:9,1
DA:10,1
DA:11,1
DA:12,1
DA:13,5
DA:14,5
DA:15,1
DA:16,1
DA:17,1
LF:17
LH:17
BRDA:6,0,0,1
BRDA:10,1,0,1
BRDA:12,2,0,5
BRF:3
BRH:3
end_of_record
TN:
SF:src/mod/div.ts
FN:7,FilterMapDivReduce
FN:11,reduce
FNF:2
FNH:2
FNDA:1,FilterMapDivReduce
FNDA:1,reduce
DA:1,1
DA:2,1
DA:3,1
DA:4,1
DA:5,1
DA:6,1
DA:7,1
DA:8,1
DA:9,1
DA:10,1
DA:11,1
DA:12,1
DA:13,1
DA:14,1
DA:15,1
DA:16,1
DA:17,1
DA:18,1
LF:18
LH:18
BRDA:7,0,0,1
BRDA:11,1,0,1
BRF:2
BRH:2
end_of_record
TN:
SF:src/mod/operations.ts
FN:2,<instance_members_initializer>
FN:9,FilterMapReduce
FN:19,run
FN:31,filter
FN:46,map
FNF:5
FNH:5
FNDA:4,<instance_members_initializer>
FNDA:4,FilterMapReduce
FNDA:4,run
FNDA:4,filter
FNDA:4,map
DA:1,1
DA:2,1
DA:3,4
DA:4,4
DA:5,4
DA:6,4
DA:7,4
DA:8,4
DA:9,4
DA:10,4
DA:11,4
DA:12,4
DA:13,4
DA:14,4
DA:15,4
DA:16,4
DA:17,4
DA:18,4
DA:19,4
DA:20,4
DA:21,4
DA:22,4
DA:23,4
DA:24,4
DA:25,4
DA:26,4
DA:27,4
DA:28,4
DA:29,4
DA:30,4
DA:31,4
DA:32,4
DA:33,4
DA:34,40
DA:35,13
DA:36,13
DA:37,40
DA:38,4
DA:39,4
DA:40,4
DA:41,4
DA:42,4
DA:43,4
DA:44,4
DA:45,4
DA:46,4
DA:47,4
DA:48,4
DA:49,13
DA:50,13
DA:51,4
DA:52,4
DA:53,4
DA:54,4
DA:55,4
DA:56,4
DA:57,4
DA:58,4
LF:58
LH:58
BRDA:2,0,0,4
BRDA:9,1,0,4
BRDA:19,2,0,4
BRDA:31,3,0,4
BRDA:33,4,0,40
BRDA:34,5,0,13
BRDA:46,6,0,4
BRDA:48,7,0,13
BRF:8
BRH:8
end_of_record
TN:
SF:src/mod/prod.ts
FN:7,FilterMapProdReduce
FN:11,reduce
FNF:2
FNH:2
FNDA:1,FilterMapProdReduce
FNDA:1,reduce
DA:1,1
DA:2,1
DA:3,1
DA:4,1
DA:5,1
DA:6,1
DA:7,1
DA:8,1
DA:9,1
DA:10,1
DA:11,1
DA:12,1
DA:13,1
DA:14,2
DA:15,2
DA:16,1
DA:17,1
DA:18,1
LF:18
LH:18
BRDA:7,0,0,1
BRDA:11,1,0,1
BRDA:13,2,0,2
BRF:3
BRH:3
end_of_record
TN:
SF:src/mod/sub.ts
FN:7,FilterMapSubReduce
FN:11,reduce
FNF:2
FNH:2
FNDA:1,FilterMapSubReduce
FNDA:1,reduce
DA:1,1
DA:2,1
DA:3,1
DA:4,1
DA:5,1
DA:6,1
DA:7,1
DA:8,1
DA:9,1
DA:10,1
DA:11,1
DA:12,1
DA:13,1
DA:14,5
DA:15,5
DA:16,1
DA:17,1
DA:18,1
DA:19,1
LF:19
LH:19
BRDA:7,0,0,1
BRDA:11,1,0,1
BRDA:13,2,0,5
BRF:3
BRH:3
end_of_record
